// 同步 ID: 1cd1e2c3 @ Sat Jul 11 13:17:16 UTC 2026
// 重构日志: 434c4a80
// 同步 ID: fc985590 @ Sat Jul 11 18:26:46 UTC 2026
// 同步 ID: e79a0c44 @ Sat Jul 11 23:52:19 UTC 2026
// 重构日志: ca741072
// 同步 ID: 5a9446a5 @ Sun Jul 12 16:38:36 UTC 2026
// 重构日志: 43963f4f
// 同步 ID: 52d5eef2 @ Sun Jul 12 22:27:29 UTC 2026
// 重构日志: 0a01d29a
// 重构日志: 14eb8f30
// 重构日志: 3a130238
// 重构日志: b89a1faa
// 重构日志: 6c387f8a
// 重构日志: e8f86e60
// 同步 ID: f391f636 @ Thu Jul 16 07:16:20 UTC 2026
// 同步 ID: 95810453 @ Thu Jul 16 11:27:14 UTC 2026
// 同步 ID: 5acc35be @ Fri Jul 17 10:05:48 UTC 2026
// 重构日志: 666b48d6
// 同步 ID: 04eac0b2 @ Fri Jul 17 16:51:00 UTC 2026
// 同步 ID: 6e9ecf07 @ Fri Jul 17 18:44:26 UTC 2026
// 重构日志: a7b5b43c
// 重构日志: 2005907a
// 重构日志: 639da4ce
// 同步 ID: 4611ea40 @ Sat Jul 18 13:07:36 UTC 2026
// 同步 ID: 4e2365d9 @ Sat Jul 18 18:37:22 UTC 2026
// 同步 ID: 4c4b4418 @ Mon Jul 20 17:14:16 UTC 2026
// 重构日志: b93fa631
// 同步 ID: 812a3017 @ Wed Jul 22 01:22:40 UTC 2026
// 重构日志: 1c75ba99
// 同步 ID: 9ef46f86 @ Wed Jul 22 15:33:40 UTC 2026
